<?xml version="1.0" encoding="UTF-8"?>
<testng-results ignored="0" total="1" passed="1" failed="0" skipped="0">
  <reporter-output>
  </reporter-output>
  <suite started-at="2026-02-03T11:24:59 MST" name="Default suite" finished-at="2026-02-03T11:25:03 MST" duration-ms="3459">
    <groups>
    </groups>
    <test started-at="2026-02-03T11:24:59 MST" name="Default test" finished-at="2026-02-03T11:25:03 MST" duration-ms="3459">
      <class name="testng.selTest">
        <test-method signature="test01()[pri:0, instance:testng.selTest@351d00c0]" started-at="2026-02-03T11:24:59 MST" name="test01" finished-at="2026-02-03T11:25:03 MST" duration-ms="3406" status="PASS">
          <reporter-output>
          </reporter-output>
        </test-method> <!-- test01 -->
      </class> <!-- testng.selTest -->
    </test> <!-- Default test -->
  </suite> <!-- Default suite -->
</testng-results>
